161 [15452] INFO perfrun.launcher <> - Launcher main begin
166 [15452] INFO perfrun.launcher <> - MessageCatalogInit finished
166 [15452] INFO perfrun.launcher <> - Launcher instance created
166 [15452] INFO perfrun.launcher <> - argc = 7; cmdline = C:\Program Files (x86)\Intel\oneAPI\vtune\2021.1.2\bin64\amplxe-runss.exe --ui-output-format xml --ui-output-fd 1116 --option-file D:\Visual Studio\6\AVP_lab_1\AVP_lab_1\VTune Profiler Results\AVP_lab_1\r000ue\config\runsa.options 
213 [15452] INFO perfrun.launcher <> - New signal handler callback was added
222 [15452] INFO perfrun.launcher <> - plugin remoteplug has been added successfully
222 [15452] INFO perfrun.launcher <> - plugin system has been added successfully
223 [15452] INFO perfrun.launcher <> - plugin  has been added successfully
223 [15452] INFO perfrun.launcher <> - plugin itt has been added successfully
223 [15452] INFO perfrun.launcher <> - plugin  has been added successfully
223 [15452] INFO perfrun.launcher <> - plugin gpu has been added successfully
223 [15452] INFO perfrun.launcher <> - plugin etw.kernel has been added successfully
223 [15452] INFO perfrun.launcher <> - plugin etw.dx has been added successfully
223 [15452] INFO perfrun.launcher <> - plugin etw.wsa has been added successfully
223 [15452] INFO perfrun.launcher <> - plugin mrte has been added successfully
223 [15452] INFO perfrun.launcher <> - plugin emon has been added successfully
223 [15452] INFO perfrun.launcher <> - plugin cuscol has been added successfully
223 [15452] INFO perfrun.launcher <> - plugin stdsrc has been added successfully
224 [15452] INFO perfrun.launcher <> - plugin sep has been added successfully
224 [15452] INFO perfrun.launcher <> - plugin vtsspp has been added successfully
224 [15452] INFO perfrun.launcher <> - plugin  has been added successfully
224 [15452] INFO perfrun.launcher <> - plugin aoclprofile has been added successfully
229 [15452] INFO perfrun.launcher <> - plugin tpss has been added successfully
229 [15452] INFO perfrun.launcher <> - plugin exprof has been added successfully
229 [15452] INFO perfrun.launcher <> - plugin  has been added successfully
229 [15452] INFO perfrun.launcher <> - plugin  has been added successfully
229 [15452] INFO perfrun.launcher <> - plugin  has been added successfully
229 [15452] INFO perfrun.launcher <> - plugin  has been added successfully
229 [15452] INFO perfrun.launcher <> - plugin  has been added successfully
229 [15452] INFO perfrun.launcher <> - plugin power has been added successfully
229 [15452] INFO perfrun.launcher <> - plugin hwloc has been added successfully
229 [15452] INFO perfrun.launcher <> - plugin ipmwatch has been added successfully
229 [15452] INFO perfrun.launcher <> - plugin os_counters has been added successfully
230 [15452] INFO perfrun.launcher <> - the option was added --interval: Specify an interval of data collection (for example, sampling) in milliseconds.
230 [15452] INFO perfrun.launcher <> - the option was added --follow-child: Profile process with or without children.
230 [15452] INFO perfrun.launcher <> - the option was added --gelding: BADMSG: perfrun1.launcher.plugin_manager::gelding
230 [15452] INFO perfrun.launcher <> - the option was added --time-source: Specify time source for measurement. Possible values: sys - wall clock time; tsc - time stamp counter; ext - time from an external source; auto - auto select accurate time source.
230 [15452] INFO perfrun.launcher <> - the option was added --stack: Enable or disable collection of stacks.
230 [15452] INFO perfrun.launcher <> - the option was added --stack-stitching: Enable or disable the stack stitching algorithm for Intel TBB-based applications.
230 [15452] INFO perfrun.launcher <> - the option was added --type: Specify type of data to be collected. For example, --type cpu:counters,waiting:nostack,io.
230 [15452] INFO perfrun.launcher <> - the option was added --mrte-mode: Specify Java/.NET/other managed runtime collection mode. Possible values: native - collect information only for native code; managed - collect information only for managed code; mixed - collect information for both managed and native code; auto - choose the mode based on binary type.
230 [15452] INFO perfrun.launcher <> - the option was added --mrte-mode-list: List supported Java/.NET/other managed runtime collection modes.
230 [15452] INFO perfrun.launcher <> - the option was added --mrte-type: Specify which managed runtimes to collect. Possible values: java - collect information for Java; dotnet - collect information for .NET; python - collect information for CPython. You can specify several values separated by comma.
230 [15452] INFO perfrun.launcher <> - the option was added --mrte-type-list: List supported Java/.NET/other managed runtime types.
230 [15452] INFO perfrun.launcher <> - the option was added --trace-strategy: Specify how to profile a process tree. <string> can be "<process>:trace:notrace" - profile the process but do not profile its children. Shorthand parameters: t - trace, nt - notrace. For example, "vtunedemo.exe:t:t".
231 [15452] INFO perfrun.launcher <> - the option was added --collector: BADMSG: perfrun1.launcher.plugin_manager::collector
231 [15452] INFO perfrun.launcher <> - the option was added --system-wide: Enable system-wide profiling. This mode may require additional permissions.
231 [15452] INFO perfrun.launcher <> - the option was added --kvm-guest: Enable KVM guest OS profiling.
231 [15452] INFO perfrun.launcher <> - the option was added --kvm-guest-kallsyms: Specify a local path to the /proc/kallsyms file copied from the guest OS for proper symbol resolution.
231 [15452] INFO perfrun.launcher <> - the option was added --kvm-guest-modules: Specify a local path to the /proc/modules file copied from the guest OS for proper symbol resolution.
231 [15452] INFO perfrun.launcher <> - the option was added --bandwidth-limits: Measure bandwidth limits
231 [15452] INFO perfrun.launcher <> - the option was added --bandwidth-strategy: Bandwidth limits determination specific properties (example: --bandwidth-strategy array-size=0,duration=500).
231 [15452] INFO perfrun.launcher <> - the option was added --bandwidth-config: List of benchmarks to run.
231 [15452] INFO perfrun.launcher <> - the option was added --system-collector-config: Specify subcollectors. Possible values: all, container, device-info, none.
231 [15452] INFO perfrun.launcher <> - the option was added --target-gpu: target-gpu
231 [15452] INFO perfrun.launcher <> - the option was added --itt-config: Specify a sub-set of ITT API to collect.
231 [15452] INFO perfrun.launcher <> - the option was added --itt-debug: Set pseudo-breakpoint at ITT API collector's start to enable the debugger to attach early.
231 [15452] INFO perfrun.launcher <> - the option was added --gpu-config: Specify types of GPU data to be collected. Possible values: preset1, preset2.
231 [15452] INFO perfrun.launcher <> - the option was added --gpu-debug: Enable self-testing of the GPGPU profiling collector.
231 [15452] INFO perfrun.launcher <> - the option was added --gpu-counting: Collect GPU data in the counting mode.
231 [15452] INFO perfrun.launcher <> - the option was added --etw-config: Enable advanced collection of GPU data.
231 [15452] INFO perfrun.launcher <> - the option was added --aggregated-counting: Enable aggregated counting mode.
231 [15452] INFO perfrun.launcher <> - the option was added --emon-preset: Specify a preset for EMON collector. For available presets, run: emon -preset-list.
231 [15452] INFO perfrun.launcher <> - the option was added --emon-csv-trace-format: Use CSV format for EMON trace file.
232 [15452] INFO perfrun.launcher <> - the option was added --emon-machine-readable-ver: Write machine readable EMON version file.
232 [15452] INFO perfrun.launcher <> - the option was added --custom-collector: Allows to provide arbitrary command line to be run on collection steps.
232 [15452] INFO perfrun.launcher <> - the option was added --stdsrc-config: Specify Standard Sources category tag(s).
232 [15452] INFO perfrun.launcher <> - the option was added --event-info: BADMSG: perfrun1.stdsrc::event-info
232 [15452] INFO perfrun.launcher <> - the option was added --cpu-list: List supported CPUs.
232 [15452] INFO perfrun.launcher <> - the option was added --target-list: List available targets for performing sampling collection.
232 [15452] INFO perfrun.launcher <> - the option was added --event-value-list: Display event information.
232 [15452] INFO perfrun.launcher <> - the option was added --platform-value-list: Display details of supported platforms.
232 [15452] INFO perfrun.launcher <> - the option was added --uncore-event-list: List uncore events for which a sampling data collection can be performed on this platform.
232 [15452] INFO perfrun.launcher <> - the option was added --modifier-list: Specify the event name <string> for which the modifiers list is requested.
232 [15452] INFO perfrun.launcher <> - the option was added --pmu-list: List supported PMUs.
232 [15452] INFO perfrun.launcher <> - the option was added --os-mode-only: Enable sampling data collection for OS-mode processes only.
232 [15452] INFO perfrun.launcher <> - the option was added --user-mode-only: Enable sampling data collection for user-mode processes only.
232 [15452] INFO perfrun.launcher <> - the option was added --event-config: Perform data collection for the events with <string> configured using the format <event name1>":modifier1=val:modifier2=val/constraint1={:modifier3=val:modifier4=val}...,"<event name2>":... Specify the events(s) to monitor and embed the event names within double quotes("). [:modifier=val] specifies individual event modifiers along with the respective values for a given platform. Note that the modifiers can be generic to an event as well as specific to a constraint (or an event qualifier). The constraint specific special modifiers appear after [/constraint=]. The modifiers can be in decimal or hexadecimal format. Only specific modifiers accept the value as a string. Each event specification is delimited by a comma (,). For a list of supported modifiers and constraints, refer to the documentation.
232 [15452] INFO perfrun.launcher <> - the option was added --chipset-event-config: Perform data collection for the chipset events with <string> configured using the format "<event name1>"...,"<event name2>":... Specify the events(s) to monitor and embed the event names within double quotes(").
232 [15452] INFO perfrun.launcher <> - the option was added --uncore-event-config: Perform uncore data collection in ebc count mode for the events with <string> configured using the format "<event name1>"...,"<event name2>":... Specify the events(s) to monitor and embed the event names within double quotes(").
232 [15452] INFO perfrun.launcher <> - the option was added --count: Enable counting mode.
232 [15452] INFO perfrun.launcher <> - the option was added --count-emon: Enable counting mode and output the data in EMON format.
232 [15452] INFO perfrun.launcher <> - the option was added --event-based-counts: Enable event-based counting mode. During sampling data collection, event counts data is collected for the list of events specified in -event-config option.
233 [15452] INFO perfrun.launcher <> - the option was added --event-mux-tfactor: Specify the event multiplexing tfactor as <integer> to set the length of the interval between interrupts. The larger the tfactor value, the larger the period between interrupts. Currently this option is only available on Intel platforms codenamed Knights Corner.
233 [15452] INFO perfrun.launcher <> - the option was added --uncore-sampling-interval: Specify the uncore sampling interval as <integer>. This value set the uncore sampling interval for all the uncore events specified in -event-config option.
233 [15452] INFO perfrun.launcher <> - the option was added --full-pebs-capture: Capture full pebs information.
233 [15452] INFO perfrun.launcher <> - the option was added --last-branch-records: Capture Last Branch Records information.
233 [15452] INFO perfrun.launcher <> - the option was added --pmu-type: Specify the targeted PMU name as <string>.
233 [15452] INFO perfrun.launcher <> - the option was added --platform-type: Specify the targeted platform number as <number>.
233 [15452] INFO perfrun.launcher <> - the option was added --p-state-trigger: Specify the name of the trigger event for P-state data as <string>. The default trigger is CPU_CLK_UNHALTED.REF_TSC.
233 [15452] INFO perfrun.launcher <> - the option was added --rdt-auto-rmid: Enable automatic Core pinning on RMIDs for RDT monitoring capabilities.
233 [15452] INFO perfrun.launcher <> - the option was added --bts-count: Specify the <integer> number of BTS records collected after each sample or context switch (VTSS++ only).
233 [15452] INFO perfrun.launcher <> - the option was added --cpu-mask: Specify which CPU(s) <string> to collect data on. For example, specify "2-8,10,12-14" to sample only CPUs 2 through 8, 10, and 12 through 14.
233 [15452] INFO perfrun.launcher <> - the option was added --event-mux-alg: Specify the event multiplexing algorithm. Possible values: sequence, timer, trigger.
233 [15452] INFO perfrun.launcher <> - the option was added --event-mux-timeslice: Specify the event multiplexing time slice value as <integer>. The time slice specifies the duration between cycles for each event multiplexing group. The default value is 50 milliseconds. This option is valid only for timer-based event multiplexing. Specify the event multiplexing time slice value as <integer>. The time slice specifies the duration between cycles for each event multiplexing group. The default value is 1 millisecond. This option is valid only for timer-based event multiplexing.
233 [15452] INFO perfrun.launcher <> - the option was added --event-mux-factor: Specify the event multiplexing factor as <integer>. It controls the switching of event multiplexing groups. The default factor is 50. This option is valid only for trigger-based event multiplexing. Specify the event multiplexing factor as <integer>. It controls the switching of event multiplexing groups. The default factor is 1. This option is valid only for trigger-based event multiplexing.
233 [15452] INFO perfrun.launcher <> - the option was added --event-mux-trigger: Specify the name of the trigger event for event multiplexing as <string>. This option is valid only for trigger-based event multiplexing. The default trigger is CPU_CLK_UNHALTED.CORE (or CPU_CLK_UNHALTED.THREAD). BADMSG: perfrun1.vtsspp::event-mux-trigger
233 [15452] INFO perfrun.launcher <> - the option was added --sample-after-multiplier: Specify the sample after multiplier as <double>. This multiplier modifies the sample after value for all the events specified in -event-config option. The values can range from 0.1 to 100.0.
233 [15452] INFO perfrun.launcher <> - the option was added --sys-config: BADMSG: perfrun1.vtsspp::sys-config
233 [15452] INFO perfrun.launcher <> - the option was added --pt-mode: BADMSG: perfrun1.vtsspp::pt-mode
233 [15452] INFO perfrun.launcher <> - the option was added --aocl-profile: Enable profiling and data collection through AOCL profiling tool.
233 [15452] INFO perfrun.launcher <> - the option was added --aocl-source-file: Path to .source file. Find this in the compilation output directory of the FPGA application. Use this option to help attribute performance statistics to the source lines. If unspecified, AOCL profiler will attempt to locate the file in the current directory.
234 [15452] INFO perfrun.launcher <> - the option was added --aocl-binary-aocx-file: Path to .aocx file (OpenCL flow) or host binary (DPC++ flow). If you do not provide this path: 1) For OpenCL flow, AOCL Profiler attempts to locate the file in the working directory. 2) For DPC++ flow, the collector assumes that host binary is used as an application to launch.
234 [15452] INFO perfrun.launcher <> - the option was added --aocl-period: Specifies the number of cycles between readbacks from the device. The default value is 0 and indicates that the profiler should read back data as often as possible.
234 [15452] INFO perfrun.launcher <> - the option was added --aocl-no-temporal: Disables readback during execution and only reads back non-autorun kernels once they finish executing.
234 [15452] INFO perfrun.launcher <> - the option was added --aocl-no-mem-transfers: Disables the recording of memory transfer information.
234 [15452] INFO perfrun.launcher <> - the option was added --stackwalk: Specify stack unwinding method. Possible value: lbr - unwind stacks during collection. Specify stack unwinding method. Possible values: online - unwind stacks during collection; offline - unwind stacks after collection is finished; lbr - enable LBR-based call stack collection. Specify stack unwinding method. Possible values: online - unwind stacks during collection; offline - unwind stacks after collection is finished.
234 [15452] INFO perfrun.launcher <> - the option was added --filter-include: Filter data during collection. Possible values: contended=<on|off> - filter out uncontended events; contended_nostack=<time> - filter out stacks for contended events that take less than <time> microseconds; wait=<time> - ignore transitions and blocks with wait time less than <time> microseconds; wait_nostack=<time> - filter out stacks for waits that take less than <time> microseconds.
234 [15452] INFO perfrun.launcher <> - the option was added --debug-pin: Debug PIN tool and runtime.
234 [15452] INFO perfrun.launcher <> - the option was added --debug-exception: Disallow the application to set own abnormal termination handler.
234 [15452] INFO perfrun.launcher <> - the option was added --trace-type: Specify the trace file granularity. Possible values: per-thread - per-thread trace file generation; per-process - per-process trace file generation.
234 [15452] INFO perfrun.launcher <> - the option was added --instrumentation-type: Specify type of instrumentation.
234 [15452] INFO perfrun.launcher <> - the option was added --guard-pulse-event: Enable handling of PulseEvent API in order not to miss signals made by the API during Hotspots collection.
234 [15452] INFO perfrun.launcher <> - the option was added --memory-strategy: Specify a minimal memory object size to be traced and a hash table size for faster objects search; for example: --memory-strategy obj-size-min=1024,hash-table-size=4096.
234 [15452] INFO perfrun.launcher <> - the option was added --gpu-profiling-type: Specify a type of deep GPU profiling: none, bblatency, memlatency, instcount.
234 [15452] INFO perfrun.launcher <> - the option was added --opencl-trace-mode: Specify OpenCL kernel tracing modes: 'default' to trace OpenCL kernels for Intel Graphics Driver only; 'epoch' for any non-Intel graphics, where OpenCL kernels will be traced and OpenCL profiling API timestamps will be interpreted as Unux Epoch time in nanoseconds; 'completion' to trace OpenCL kernels for any Graphics Driver and bind OpenCL profiling API timestamps to the timestamp of OpenCL completion callback.
234 [15452] INFO perfrun.launcher <> - the option was added --gpu-kernels-to-profile: Specify a comma-separated list of GPU kernel names and invocations to be profiled in the following format: kernel_name[#start_idx#step#stop_idx], where kernel_name is the name of GPU kernel; start_idx is the number of the first invocation; and stop_idx is the number of the last invocation to be profiled.
234 [15452] INFO perfrun.launcher <> - the option was added --exprof-com-list: List available COM ports.
235 [15452] INFO perfrun.launcher <> - the option was added --exprof-dvc-list: List available DvC IDs.
235 [15452] INFO perfrun.launcher <> - the option was added --exprof-trace-channel: BADMSG: perfrun1.exprof::exprof-trace-channel
235 [15452] INFO perfrun.launcher <> - the option was added --exprof-event-config: Specify ExactProfiling Event Classes.
235 [15452] INFO perfrun.launcher <> - the option was added --pwr-config: BADMSG: perfrun1.vtsspp::pwr-config Specify power metrics configuration.
235 [15452] INFO perfrun.launcher <> - the option was added --pwr-sampling-interval: Specify Intel SoC Watch sampling interval.
235 [15452] INFO perfrun.launcher <> - the option was added --collect-topology: Collect topology info with hwloc.
235 [15452] INFO perfrun.launcher <> - the option was added --persistent-mem-metrics: Collect Persistent Memory performance counters.
235 [15452] INFO perfrun.launcher <> - the option was added --os-counters: Collect OS counters
239 [15452] INFO perfrun.launcher <> - create msngr2::ICliToolContext
240 [15452] INFO perfrun.launcher <> - create file finder object
240 [15452] INFO perfrun.launcher <> - create a result directory: pattern = D:\Visual Studio\6\AVP_lab_1\AVP_lab_1\VTune Profiler Results\AVP_lab_1\r000ue pid = 4294967295
244 [15452] INFO perfrun.launcher <> - create data directory = D:\Visual Studio\6\AVP_lab_1\AVP_lab_1\VTune Profiler Results\AVP_lab_1\r000ue\data.0
245 [15452] INFO perfrun.launcher <> - Creating the master collection flag
256 [15452] INFO perfrun.launcher <> - Done creating the master collection flag
256 [11888] INFO perfrun.launcher <> - plugin [remoteplug] was disabled because it doesn't support the given collection type.
256 [11888] INFO perfrun.sdk <> - Allocating TMU :D:\Visual Studio\6\AVP_lab_1\AVP_lab_1\VTune Profiler Results\AVP_lab_1\r000ue\data.0\systemcollector-17340-DESKTOP-1C6G4H0.sc
257 [11888] INFO perfrun.launcher <> - plugin [] was disabled because it doesn't support the given collection type.
257 [11888] INFO perfrun.launcher <> - plugin [itt] was disabled because it doesn't support the given collection type.
257 [11888] INFO perfrun.launcher <> - plugin [] was disabled because it doesn't support the given collection type.
257 [11888] INFO perfrun.launcher <> - plugin [gpu] was disabled because it doesn't support the given collection type.
257 [11888] INFO perfrun.launcher <> - plugin [etw.kernel] was disabled because it doesn't support the given collection type.
257 [11888] INFO perfrun.launcher <> - plugin [etw.dx] was disabled because it doesn't support the given collection type.
257 [11888] INFO perfrun.launcher <> - plugin [etw.wsa] was disabled because it doesn't support the given collection type.
257 [11888] INFO perfrun.mrte <> - system-wide mode is 0
257 [11888] INFO perfrun.mrte <> - Getting  mrte profiling environment ...
381 [11888] INFO perfrun.mrte <> - INTEL_MRTE_DATA_DIR=D:\Visual Studio\6\AVP_lab_1\AVP_lab_1\VTune Profiler Results\AVP_lab_1\r000ue\data.0
381 [11888] INFO perfrun.mrte <> - INTEL_MRTE_HOST_NAME=DESKTOP-1C6G4H0
381 [11888] INFO perfrun.mrte <> - JAVA_TOOL_OPTIONS=-agentlib:amplxe_samplingmrte_javaprof_1.0
381 [11888] INFO perfrun.mrte <> - COR_ENABLE_PROFILING=1
381 [11888] INFO perfrun.mrte <> - COR_PROFILER={AA5E4821-E3B1-479c-B7FF-5AD047D22CED}
381 [11888] INFO perfrun.mrte <> - COMPLUS_ProfAPI_ProfilerCompatibilitySetting=EnableV2Profiler
381 [11888] INFO perfrun.mrte <> - CORECLR_ENABLE_PROFILING=1
381 [11888] INFO perfrun.mrte <> - CORECLR_PROFILER={AA5E4821-E3B1-479c-B7FF-5AD047D22CED}
381 [11888] INFO perfrun.mrte <> - CORECLR_PROFILER_PATH=C:\Program Files (x86)\Intel\oneAPI\vtune\2021.1.2\bin64/amplxe_samplingmrte_clrprof_1.0.dll
381 [11888] INFO perfrun.mrte <> - INTEL_MRTE_PROFILER_MODE=mixed
381 [11888] INFO perfrun.mrte <> - Data directory: D:\Visual Studio\6\AVP_lab_1\AVP_lab_1\VTune Profiler Results\AVP_lab_1\r000ue\data.0
381 [11888] INFO perfrun.mrte <> - Mrte plugin is initialized
382 [11888] INFO perfrun.launcher <> - plugin [cuscol] was disabled because it doesn't support the given collection type.
382 [11888] INFO perfrun.launcher <> - plugin [stdsrc] was disabled because it doesn't support the given collection type.
382 [11888] INFO perfrun.launcher <> - plugin [sep] was disabled because it doesn't support the given collection type.
382 [11888] INFO perfrun.launcher <> - plugin [vtsspp] was disabled because it doesn't support the given collection type.
382 [11888] INFO perfrun.launcher <> - plugin [] was disabled because it doesn't support the given collection type.
382 [11888] INFO perfrun.launcher <> - plugin [aoclprofile] was disabled because it doesn't support the given collection type.
382 [11888] INFO perfrun.tpss <> - initialize tpss controller
382 [11888] INFO perfrun.launcher <> - plugin [tpss] was disabled because it doesn't support the given collection type.
382 [11888] INFO perfrun.launcher <> - plugin [exprof] was disabled because it doesn't support the given collection type.
382 [11888] INFO perfrun.launcher <> - plugin [] was disabled because it doesn't support the given collection type.
382 [11888] INFO perfrun.launcher <> - plugin [] was disabled because it doesn't support the given collection type.
382 [11888] INFO perfrun.launcher <> - plugin [] was disabled because it doesn't support the given collection type.
382 [11888] INFO perfrun.launcher <> - plugin [] was disabled because it doesn't support the given collection type.
382 [11888] INFO perfrun.launcher <> - plugin [] was disabled because it doesn't support the given collection type.
382 [11888] INFO perfrun.launcher <> - plugin [power] was disabled because it doesn't support the given collection type.
382 [11888] INFO perfrun.launcher <> - plugin [hwloc] was disabled because it doesn't support the given collection type.
382 [11888] INFO perfrun.launcher <> - plugin [ipmwatch] was disabled because it doesn't support the given collection type.
382 [11888] INFO perfrun.launcher <> - plugin [os_counters] was disabled because it doesn't support the given collection type.
382 [15452] INFO perfrun.launcher <> - set environment variable: INTEL_MRTE_DATA_DIR = D:\Visual Studio\6\AVP_lab_1\AVP_lab_1\VTune Profiler Results\AVP_lab_1\r000ue\data.0
382 [15452] INFO perfrun.launcher <> - set environment variable: INTEL_MRTE_HOST_NAME = DESKTOP-1C6G4H0
382 [15452] INFO perfrun.launcher <> - set environment variable: JAVA_TOOL_OPTIONS = -agentlib:amplxe_samplingmrte_javaprof_1.0
382 [15452] INFO perfrun.launcher <> - set environment variable: COR_ENABLE_PROFILING = 1
382 [15452] INFO perfrun.launcher <> - set environment variable: COR_PROFILER = {AA5E4821-E3B1-479c-B7FF-5AD047D22CED}
382 [15452] INFO perfrun.launcher <> - set environment variable: COMPLUS_ProfAPI_ProfilerCompatibilitySetting = EnableV2Profiler
382 [15452] INFO perfrun.launcher <> - set environment variable: CORECLR_ENABLE_PROFILING = 1
382 [15452] INFO perfrun.launcher <> - set environment variable: CORECLR_PROFILER = {AA5E4821-E3B1-479c-B7FF-5AD047D22CED}
383 [15452] INFO perfrun.launcher <> - set environment variable: CORECLR_PROFILER_PATH = C:\Program Files (x86)\Intel\oneAPI\vtune\2021.1.2\bin64/amplxe_samplingmrte_clrprof_1.0.dll
383 [15452] INFO perfrun.launcher <> - set environment variable: INTEL_MRTE_PROFILER_MODE = mixed
383 [15452] INFO perfrun.launcher <> - RpcServer: run RPC server to handle requests
391 [15452] INFO perfrun.sdk <> - IProcessUtil: the given executable 'D:\Visual Studio\6\AVP_lab_1\x64\Release\AVP_lab_1.exe' is valid.
391 [15452] INFO perfrun.launcher <> - Launcher: command line to start before modification = D:\Visual Studio\6\AVP_lab_1\x64\Release\AVP_lab_1.exe
391 [15452] INFO perfrun.launcher <> - Launcher: command line to start after modification = D:\Visual Studio\6\AVP_lab_1\x64\Release\AVP_lab_1.exe
391 [15452] INFO perfrun.launcher <> - ProcessCreator object was created
400 [15452] INFO perfrun.launcher <> - Launcher: the process was started in suspend mode
437 [11888] INFO perfrun.sdk <> - runCmd: "C:\Program Files (x86)\Intel\oneAPI\vtune\2021.1.2\bin64\emon.exe" -M
489 [11888] INFO perfrun.sdk <> - runCmd: "C:\Program Files (x86)\Intel\oneAPI\vtune\2021.1.2\bin64\emon.exe" -v
555 [11888] INFO perfrun.sdk <> - runCmd: "C:\Program Files (x86)\Intel\oneAPI\vtune\2021.1.2\bin64\sep.exe" -dry-run -ec "CPU_CLK_UNHALTED.THREAD:sa=2500000,CPU_CLK_UNHALTED.REF_TSC:sample:sa=2500000,INST_RETIRED.ANY:sample:sa=2500000,CPU_CLK_UNHALTED.REF_XCLK:sa=100003,CPU_CLK_UNHALTED.ONE_THREAD_ACTIVE:sa=100003,CPU_CLK_UNHALTED.THREAD_P,CYCLE_ACTIVITY.STALLS_MEM_ANY,EXE_ACTIVITY.1_PORTS_UTIL,EXE_ACTIVITY.2_PORTS_UTIL,EXE_ACTIVITY.BOUND_ON_STORES,EXE_ACTIVITY.EXE_BOUND_0_PORTS,FRONTEND_RETIRED.LATENCY_GE_4_PS,IDQ_UOPS_NOT_DELIVERED.CORE,INT_MISC.RECOVERY_CYCLES,UOPS_ISSUED.ANY,UOPS_RETIRED.RETIRE_SLOTS,BACLEARS.ANY,BR_MISP_RETIRED.ALL_BRANCHES_PS,DSB2MITE_SWITCHES.PENALTY_CYCLES,FRONTEND_RETIRED.DSB_MISS_PS,FRONTEND_RETIRED.L2_MISS_PS,FRONTEND_RETIRED.LATENCY_GE_16_PS,FRONTEND_RETIRED.LATENCY_GE_2_BUBBLES_GE_1_PS,FRONTEND_RETIRED.STLB_MISS_PS,ICACHE_16B.IFDATA_STALL,ICACHE_16B.IFDATA_STALL:cmask=1:e=yes,ICACHE_64B.IFTAG_STALL,IDQ.ALL_DSB_CYCLES_4_UOPS,IDQ.ALL_DSB_CYCLES_ANY_UOPS,IDQ.ALL_MITE_CYCLES_4_UOPS,IDQ.ALL_MITE_CYCLES_ANY_UOPS,IDQ.DSB_UOPS,IDQ.MITE_UOPS,IDQ.MS_SWITCHES,IDQ.MS_UOPS,IDQ_UOPS_NOT_DELIVERED.CYCLES_0_UOPS_DELIV.CORE,ILD_STALL.LCP,INT_MISC.CLEAR_RESTEER_CYCLES,MACHINE_CLEARS.COUNT,CYCLE_ACTIVITY.STALLS_L1D_MISS,CYCLE_ACTIVITY.STALLS_L2_MISS,CYCLE_ACTIVITY.STALLS_L3_MISS,DTLB_LOAD_MISSES.STLB_HIT,DTLB_LOAD_MISSES.WALK_ACTIVE,DTLB_STORE_MISSES.STLB_HIT,DTLB_STORE_MISSES.WALK_ACTIVE,L1D_PEND_MISS.FB_FULL:cmask=1,L1D_PEND_MISS.PENDING,L2_RQSTS.RFO_HIT,LD_BLOCKS.NO_SR,LD_BLOCKS.STORE_FORWARD,LD_BLOCKS_PARTIAL.ADDRESS_ALIAS,MEM_INST_RETIRED.ALL_STORES_PS,MEM_INST_RETIRED.LOCK_LOADS_PS,MEM_INST_RETIRED.SPLIT_LOADS_PS,MEM_INST_RETIRED.SPLIT_STORES_PS,MEM_INST_RETIRED.STLB_MISS_LOADS_PS,MEM_INST_RETIRED.STLB_MISS_STORES_PS,MEM_LOAD_L3_HIT_RETIRED.XSNP_HITM_PS,MEM_LOAD_L3_HIT_RETIRED.XSNP_HIT_PS,MEM_LOAD_L3_HIT_RETIRED.XSNP_MISS_PS,MEM_LOAD_RETIRED.FB_HIT_PS,MEM_LOAD_RETIRED.L1_HIT_PS,MEM_LOAD_RETIRED.L1_MISS_PS,MEM_LOAD_RETIRED.L2_HIT_PS,MEM_LOAD_RETIRED.L3_HIT_PS,MEM_LOAD_RETIRED.L3_MISS_PS,OFFCORE_REQUESTS_BUFFER.SQ_FULL,OFFCORE_REQUESTS_OUTSTANDING.ALL_DATA_RD:cmask=4,OFFCORE_REQUESTS_OUTSTANDING.CYCLES_WITH_DATA_RD,OFFCORE_REQUESTS_OUTSTANDING.CYCLES_WITH_DEMAND_RFO,ARITH.DIVIDER_ACTIVE,FP_ARITH_INST_RETIRED.128B_PACKED_DOUBLE,FP_ARITH_INST_RETIRED.128B_PACKED_SINGLE,FP_ARITH_INST_RETIRED.256B_PACKED_DOUBLE,FP_ARITH_INST_RETIRED.256B_PACKED_SINGLE,FP_ARITH_INST_RETIRED.SCALAR_DOUBLE,FP_ARITH_INST_RETIRED.SCALAR_SINGLE,INST_RETIRED.PREC_DIST,PARTIAL_RAT_STALLS.SCOREBOARD,UOPS_DISPATCHED_PORT.PORT_0,UOPS_DISPATCHED_PORT.PORT_1,UOPS_DISPATCHED_PORT.PORT_2,UOPS_DISPATCHED_PORT.PORT_3,UOPS_DISPATCHED_PORT.PORT_4,UOPS_DISPATCHED_PORT.PORT_5,UOPS_DISPATCHED_PORT.PORT_6,UOPS_DISPATCHED_PORT.PORT_7,UOPS_EXECUTED.CORE_CYCLES_GE_1,UOPS_EXECUTED.CORE_CYCLES_GE_2,UOPS_EXECUTED.CORE_CYCLES_GE_3,UOPS_EXECUTED.CORE_CYCLES_NONE,UOPS_EXECUTED.THREAD,UOPS_EXECUTED.X87,UOPS_ISSUED.VECTOR_WIDTH_MISMATCH,UOPS_RETIRED.MACRO_FUSED,FP_ASSIST.ANY,OTHER_ASSISTS.ANY,OFFCORE_RESPONSE:request=DEMAND_RFO:response=L3_HIT.SNOOP_HITM" -experimental
666 [11888] INFO perfrun.sdk <> - runCmd: "C:\Program Files (x86)\Intel\oneAPI\vtune\2021.1.2\bin64\emon.exe" -u -t0.010 -l0 -A -C "ARITH.DIVIDER_ACTIVE,BACLEARS.ANY,BR_MISP_RETIRED.ALL_BRANCHES,CPU_CLK_UNHALTED.ONE_THREAD_ACTIVE,CPU_CLK_UNHALTED.REF_TSC,CPU_CLK_UNHALTED.REF_XCLK,CPU_CLK_UNHALTED.THREAD,CPU_CLK_UNHALTED.THREAD_P,CYCLE_ACTIVITY.STALLS_L1D_MISS,CYCLE_ACTIVITY.STALLS_L2_MISS,CYCLE_ACTIVITY.STALLS_L3_MISS,CYCLE_ACTIVITY.STALLS_MEM_ANY,DSB2MITE_SWITCHES.PENALTY_CYCLES,DTLB_LOAD_MISSES.STLB_HIT,DTLB_LOAD_MISSES.WALK_ACTIVE,DTLB_STORE_MISSES.STLB_HIT,DTLB_STORE_MISSES.WALK_ACTIVE,EXE_ACTIVITY.1_PORTS_UTIL,EXE_ACTIVITY.2_PORTS_UTIL,EXE_ACTIVITY.BOUND_ON_STORES,EXE_ACTIVITY.EXE_BOUND_0_PORTS,FP_ARITH_INST_RETIRED.128B_PACKED_DOUBLE,FP_ARITH_INST_RETIRED.128B_PACKED_SINGLE,FP_ARITH_INST_RETIRED.256B_PACKED_DOUBLE,FP_ARITH_INST_RETIRED.256B_PACKED_SINGLE,FP_ARITH_INST_RETIRED.SCALAR_DOUBLE,FP_ARITH_INST_RETIRED.SCALAR_SINGLE,FP_ASSIST.ANY,FRONTEND_RETIRED.DSB_MISS,FRONTEND_RETIRED.L2_MISS,FRONTEND_RETIRED.LATENCY_GE_16,FRONTEND_RETIRED.LATENCY_GE_2_BUBBLES_GE_1,FRONTEND_RETIRED.LATENCY_GE_4,FRONTEND_RETIRED.STLB_MISS,ICACHE_16B.IFDATA_STALL,ICACHE_16B.IFDATA_STALL:c1:e1,ICACHE_64B.IFTAG_STALL,IDQ.ALL_DSB_CYCLES_4_UOPS,IDQ.ALL_DSB_CYCLES_ANY_UOPS,IDQ.ALL_MITE_CYCLES_4_UOPS,IDQ.ALL_MITE_CYCLES_ANY_UOPS,IDQ.DSB_UOPS,IDQ.MITE_UOPS,IDQ.MS_SWITCHES,IDQ.MS_UOPS,IDQ_UOPS_NOT_DELIVERED.CORE,IDQ_UOPS_NOT_DELIVERED.CYCLES_0_UOPS_DELIV.CORE,ILD_STALL.LCP,INST_RETIRED.ANY,INST_RETIRED.PREC_DIST,INT_MISC.CLEAR_RESTEER_CYCLES,INT_MISC.RECOVERY_CYCLES,L1D_PEND_MISS.FB_FULL:c1,L1D_PEND_MISS.PENDING,L2_RQSTS.RFO_HIT,LD_BLOCKS.NO_SR,LD_BLOCKS.STORE_FORWARD,LD_BLOCKS_PARTIAL.ADDRESS_ALIAS,MACHINE_CLEARS.COUNT,MEM_INST_RETIRED.ALL_STORES,MEM_INST_RETIRED.LOCK_LOADS,MEM_INST_RETIRED.SPLIT_LOADS,MEM_INST_RETIRED.SPLIT_STORES,MEM_INST_RETIRED.STLB_MISS_LOADS,MEM_INST_RETIRED.STLB_MISS_STORES,MEM_LOAD_L3_HIT_RETIRED.XSNP_HIT,MEM_LOAD_L3_HIT_RETIRED.XSNP_HITM,MEM_LOAD_L3_HIT_RETIRED.XSNP_MISS,MEM_LOAD_RETIRED.FB_HIT,MEM_LOAD_RETIRED.L1_HIT,MEM_LOAD_RETIRED.L1_MISS,MEM_LOAD_RETIRED.L2_HIT,MEM_LOAD_RETIRED.L3_HIT,MEM_LOAD_RETIRED.L3_MISS,OFFCORE_REQUESTS_BUFFER.SQ_FULL,OFFCORE_REQUESTS_OUTSTANDING.ALL_DATA_RD:c4,OFFCORE_REQUESTS_OUTSTANDING.CYCLES_WITH_DATA_RD,OFFCORE_REQUESTS_OUTSTANDING.CYCLES_WITH_DEMAND_RFO,OFFCORE_RESPONSE:request=DEMAND_RFO:response=L3_HIT.SNOOP_HITM,OTHER_ASSISTS.ANY,PARTIAL_RAT_STALLS.SCOREBOARD,UOPS_DISPATCHED_PORT.PORT_0,UOPS_DISPATCHED_PORT.PORT_1,UOPS_DISPATCHED_PORT.PORT_2,UOPS_DISPATCHED_PORT.PORT_3,UOPS_DISPATCHED_PORT.PORT_4,UOPS_DISPATCHED_PORT.PORT_5,UOPS_DISPATCHED_PORT.PORT_6,UOPS_DISPATCHED_PORT.PORT_7,UOPS_EXECUTED.CORE_CYCLES_GE_1,UOPS_EXECUTED.CORE_CYCLES_GE_2,UOPS_EXECUTED.CORE_CYCLES_GE_3,UOPS_EXECUTED.CORE_CYCLES_NONE,UOPS_EXECUTED.THREAD,UOPS_EXECUTED.X87,UOPS_ISSUED.ANY,UOPS_ISSUED.VECTOR_WIDTH_MISMATCH,UOPS_RETIRED.MACRO_FUSED,UOPS_RETIRED.RETIRE_SLOTS" -f "D:\Visual Studio\6\AVP_lab_1\AVP_lab_1\VTune Profiler Results\AVP_lab_1\r000ue\data.0\emon.0.emon" -experimental
668 [11888] INFO perfrun.emon <> - Waiting trace file creation: D:\Visual Studio\6\AVP_lab_1\AVP_lab_1\VTune Profiler Results\AVP_lab_1\r000ue\data.0\emon.0.emon
876 [11888] INFO perfrun.emon <> - trace file was found
876 [15452] INFO perfrun.launcher <> - Launcher: all plugins were started
876 [15452] INFO perfrun.launcher <> - DirectoryMonitor object was created
876 [15452] INFO perfrun.launcher <> - DirectoryMonitor: a callback was added
876 [15452] INFO perfrun.launcher <> - DirectoryMonitor was started with pingTime = 1000
876 [15452] INFO perfrun.launcher <> - DeadlineTimer is going to be constructed
877 [15452] INFO perfrun.launcher <> - DeadlineTimer: a callback was added
903 [15452] INFO perfrun.launcher <> - Launcher: resume the profiled application and  wait its termination or stop command
26133 [15452] INFO perfrun.launcher <> - Launcher: the profiled application was terminated  with exit code = 0
26138 [11888] INFO perfrun.sdk <> - runCmd: "C:\Program Files (x86)\Intel\oneAPI\vtune\2021.1.2\bin64\emon.exe" -stop
26336 [11888] INFO perfrun.emon <> - EMON collector successfully stopped.

26336 [11888] INFO perfrun.sdk <> - De-allocating TMU: D:\Visual Studio\6\AVP_lab_1\AVP_lab_1\VTune Profiler Results\AVP_lab_1\r000ue\data.0\systemcollector-17340-DESKTOP-1C6G4H0.sc
26363 [11888] INFO perfrun.system <> - closed the system trace file: D:\Visual Studio\6\AVP_lab_1\AVP_lab_1\VTune Profiler Results\AVP_lab_1\r000ue\data.0\systemcollector-17340-DESKTOP-1C6G4H0.sc
26363 [15452] INFO perfrun.launcher <> - Launcher: all plugins were stopped.
26363 [15452] INFO perfrun.launcher <> - DeadlineTimer is going to be destroyed
26363 [15452] INFO perfrun.launcher <> - DeadlineTimer was destroyed
26363 [15452] INFO perfrun.launcher <> - DirectoryMonitor object was destroyed
26363 [15452] WARN perfrun.launcher <> - Stop command is ignored because it is received when collection is already stopped, at file: C:\BB\INNLphep2w6r\b\tmpi7tbej\vcs\perfrun1\launcher\src\command_handler.cpp:212
26364 [15452] INFO perfrun.launcher <> - Application exit code: 0
26364 [15452] INFO perfrun.launcher <> - Exit code: 0
